<?xml version="1.0" encoding="UTF-8"?>
<testng-results skipped="0" failed="1" ignored="0" total="6" passed="5">
  <reporter-output>
    <line>
      <![CDATA[Chrome launched]]>
    </line>
    <line>
      <![CDATA[Navigating to the test URL]]>
    </line>
    <line>
      <![CDATA[script passed]]>
    </line>
    <line>
      <![CDATA[Browser closed]]>
    </line>
    <line>
      <![CDATA[Chrome launched]]>
    </line>
    <line>
      <![CDATA[Navigating to the test URL]]>
    </line>
    <line>
      <![CDATA[script passed]]>
    </line>
    <line>
      <![CDATA[Browser closed]]>
    </line>
    <line>
      <![CDATA[Chrome launched]]>
    </line>
    <line>
      <![CDATA[Navigating to the test URL]]>
    </line>
    <line>
      <![CDATA[script passed]]>
    </line>
    <line>
      <![CDATA[Browser closed]]>
    </line>
    <line>
      <![CDATA[Chrome launched]]>
    </line>
    <line>
      <![CDATA[Navigating to the test URL]]>
    </line>
    <line>
      <![CDATA[Script failed]]>
    </line>
    <line>
      <![CDATA[screenshot has been taken]]>
    </line>
    <line>
      <![CDATA[Browser closed]]>
    </line>
    <line>
      <![CDATA[Chrome launched]]>
    </line>
    <line>
      <![CDATA[Navigating to the test URL]]>
    </line>
    <line>
      <![CDATA[script passed]]>
    </line>
    <line>
      <![CDATA[Browser closed]]>
    </line>
    <line>
      <![CDATA[Chrome launched]]>
    </line>
    <line>
      <![CDATA[Navigating to the test URL]]>
    </line>
    <line>
      <![CDATA[script passed]]>
    </line>
    <line>
      <![CDATA[Browser closed]]>
    </line>
  </reporter-output>
  <suite name="Suite" duration-ms="745873" started-at="2018-06-18T12:18:26Z" finished-at="2018-06-18T12:30:52Z">
    <groups>
    </groups>
    <test name="Test" duration-ms="745873" started-at="2018-06-18T12:18:26Z" finished-at="2018-06-18T12:30:52Z">
      <class name="satguru.scripts.MulticityTripTest">
        <test-method status="PASS" signature="preCondition(java.lang.String)[pri:0, instance:satguru.scripts.MulticityTripTest@2a742aa2]" name="preCondition" is-config="true" duration-ms="11327" started-at="2018-06-18T12:28:11Z" finished-at="2018-06-18T12:28:22Z">
          <params>
            <param index="0">
              <value>
                <![CDATA[chrome]]>
              </value>
            </param>
          </params>
          <reporter-output>
            <line>
              <![CDATA[Chrome launched]]>
            </line>
            <line>
              <![CDATA[Navigating to the test URL]]>
            </line>
          </reporter-output>
        </test-method> <!-- preCondition -->
        <test-method status="PASS" signature="MulticityTckt()[pri:3, instance:satguru.scripts.MulticityTripTest@2a742aa2]" name="MulticityTckt" duration-ms="149428" started-at="2018-06-18T12:28:22Z" finished-at="2018-06-18T12:30:52Z">
          <reporter-output>
          </reporter-output>
        </test-method> <!-- MulticityTckt -->
        <test-method status="PASS" signature="postCondition(org.testng.ITestResult)[pri:0, instance:satguru.scripts.MulticityTripTest@2a742aa2]" name="postCondition" is-config="true" duration-ms="0" started-at="2018-06-18T12:30:52Z" finished-at="2018-06-18T12:30:52Z">
          <params>
            <param index="0">
              <value>
                <![CDATA[[TestResult name=MulticityTckt status=SUCCESS method=MulticityTripTest.MulticityTckt()[pri:3, instance:satguru.scripts.MulticityTripTest@2a742aa2] output={null}]]]>
              </value>
            </param>
          </params>
          <reporter-output>
            <line>
              <![CDATA[script passed]]>
            </line>
            <line>
              <![CDATA[Browser closed]]>
            </line>
          </reporter-output>
        </test-method> <!-- postCondition -->
      </class> <!-- satguru.scripts.MulticityTripTest -->
      <class name="satguru.scripts.InsuranceBooking">
        <test-method status="PASS" signature="preCondition(java.lang.String)[pri:0, instance:satguru.scripts.InsuranceBooking@3cb1ffe6]" name="preCondition" is-config="true" duration-ms="5207" started-at="2018-06-18T12:20:51Z" finished-at="2018-06-18T12:20:56Z">
          <params>
            <param index="0">
              <value>
                <![CDATA[chrome]]>
              </value>
            </param>
          </params>
          <reporter-output>
            <line>
              <![CDATA[Chrome launched]]>
            </line>
            <line>
              <![CDATA[Navigating to the test URL]]>
            </line>
          </reporter-output>
        </test-method> <!-- preCondition -->
        <test-method status="PASS" signature="InsuranceTest()[pri:0, instance:satguru.scripts.InsuranceBooking@3cb1ffe6]" name="InsuranceTest" duration-ms="91340" started-at="2018-06-18T12:20:56Z" finished-at="2018-06-18T12:22:28Z">
          <reporter-output>
          </reporter-output>
        </test-method> <!-- InsuranceTest -->
        <test-method status="PASS" signature="postCondition(org.testng.ITestResult)[pri:0, instance:satguru.scripts.InsuranceBooking@3cb1ffe6]" name="postCondition" is-config="true" duration-ms="0" started-at="2018-06-18T12:22:28Z" finished-at="2018-06-18T12:22:28Z">
          <params>
            <param index="0">
              <value>
                <![CDATA[[TestResult name=InsuranceTest status=SUCCESS method=InsuranceBooking.InsuranceTest()[pri:0, instance:satguru.scripts.InsuranceBooking@3cb1ffe6] output={null}]]]>
              </value>
            </param>
          </params>
          <reporter-output>
            <line>
              <![CDATA[script passed]]>
            </line>
            <line>
              <![CDATA[Browser closed]]>
            </line>
          </reporter-output>
        </test-method> <!-- postCondition -->
      </class> <!-- satguru.scripts.InsuranceBooking -->
      <class name="satguru.scripts.HotelTest">
        <test-method status="PASS" signature="preCondition(java.lang.String)[pri:0, instance:satguru.scripts.HotelTest@467aecef]" name="preCondition" is-config="true" duration-ms="5783" started-at="2018-06-18T12:24:35Z" finished-at="2018-06-18T12:24:41Z">
          <params>
            <param index="0">
              <value>
                <![CDATA[chrome]]>
              </value>
            </param>
          </params>
          <reporter-output>
            <line>
              <![CDATA[Chrome launched]]>
            </line>
            <line>
              <![CDATA[Navigating to the test URL]]>
            </line>
          </reporter-output>
        </test-method> <!-- preCondition -->
        <test-method status="FAIL" signature="HotelBook()[pri:0, instance:satguru.scripts.HotelTest@467aecef]" name="HotelBook" duration-ms="42050" started-at="2018-06-18T12:24:41Z" finished-at="2018-06-18T12:25:23Z">
          <exception class="org.openqa.selenium.WebDriverException">
            <message>
              <![CDATA[unknown error: Element <a href="javascript:void(0);" data-ng-click="hotelReview(hotelInfomation);" class="btn orange-btn">...</a> is not clickable at point (1170, 487). Other element would receive the click: <div class="modal fade in" data-backdrop="static" data-keyboard="false" id="bookingLoader" style="display: block; padding-right: 15px;">...</div>
  (Session info: chrome=65.0.3325.181)
  (Driver info: chromedriver=2.36.540471 (9c759b81a907e70363c6312294d30b6ccccc2752),platform=Linux 4.10.0-42-generic x86_64) (WARNING: The server did not provide any stacktrace information)
Command duration or timeout: 49 milliseconds
Build info: version: '3.4.0', revision: 'unknown', time: 'unknown'
System info: host: 'ttuser10-Lenovo-S510', ip: '127.0.1.1', os.name: 'Linux', os.arch: 'amd64', os.version: '4.10.0-42-generic', java.version: '1.8.0_162'
Driver info: org.openqa.selenium.chrome.ChromeDriver
Capabilities [{applicationCacheEnabled=false, rotatable=false, mobileEmulationEnabled=false, networkConnectionEnabled=false, chrome={chromedriverVersion=2.36.540471 (9c759b81a907e70363c6312294d30b6ccccc2752), userDataDir=/tmp/.org.chromium.Chromium.YiCCm7}, takesHeapSnapshot=true, pageLoadStrategy=normal, databaseEnabled=false, handlesAlerts=true, hasTouchScreen=false, version=65.0.3325.181, platform=LINUX, browserConnectionEnabled=false, nativeEvents=true, acceptSslCerts=false, acceptInsecureCerts=false, locationContextEnabled=true, webStorageEnabled=true, browserName=chrome, takesScreenshot=true, javascriptEnabled=true, cssSelectorsEnabled=true, setWindowRect=true, unexpectedAlertBehaviour=}]
Session ID: 495fe08030e1919aa3311726279df943]]>
            </message>
            <full-stacktrace>
              <![CDATA[org.openqa.selenium.WebDriverException: unknown error: Element <a href="javascript:void(0);" data-ng-click="hotelReview(hotelInfomation);" class="btn orange-btn">...</a> is not clickable at point (1170, 487). Other element would receive the click: <div class="modal fade in" data-backdrop="static" data-keyboard="false" id="bookingLoader" style="display: block; padding-right: 15px;">...</div>
  (Session info: chrome=65.0.3325.181)
  (Driver info: chromedriver=2.36.540471 (9c759b81a907e70363c6312294d30b6ccccc2752),platform=Linux 4.10.0-42-generic x86_64) (WARNING: The server did not provide any stacktrace information)
Command duration or timeout: 49 milliseconds
Build info: version: '3.4.0', revision: 'unknown', time: 'unknown'
System info: host: 'ttuser10-Lenovo-S510', ip: '127.0.1.1', os.name: 'Linux', os.arch: 'amd64', os.version: '4.10.0-42-generic', java.version: '1.8.0_162'
Driver info: org.openqa.selenium.chrome.ChromeDriver
Capabilities [{applicationCacheEnabled=false, rotatable=false, mobileEmulationEnabled=false, networkConnectionEnabled=false, chrome={chromedriverVersion=2.36.540471 (9c759b81a907e70363c6312294d30b6ccccc2752), userDataDir=/tmp/.org.chromium.Chromium.YiCCm7}, takesHeapSnapshot=true, pageLoadStrategy=normal, databaseEnabled=false, handlesAlerts=true, hasTouchScreen=false, version=65.0.3325.181, platform=LINUX, browserConnectionEnabled=false, nativeEvents=true, acceptSslCerts=false, acceptInsecureCerts=false, locationContextEnabled=true, webStorageEnabled=true, browserName=chrome, takesScreenshot=true, javascriptEnabled=true, cssSelectorsEnabled=true, setWindowRect=true, unexpectedAlertBehaviour=}]
Session ID: 495fe08030e1919aa3311726279df943
at sun.reflect.NativeConstructorAccessorImpl.newInstance0(Native Method)
at sun.reflect.NativeConstructorAccessorImpl.newInstance(NativeConstructorAccessorImpl.java:62)
at sun.reflect.DelegatingConstructorAccessorImpl.newInstance(DelegatingConstructorAccessorImpl.java:45)
at java.lang.reflect.Constructor.newInstance(Constructor.java:423)
at org.openqa.selenium.remote.ErrorHandler.createThrowable(ErrorHandler.java:215)
at org.openqa.selenium.remote.ErrorHandler.throwIfResponseFailed(ErrorHandler.java:167)
at org.openqa.selenium.remote.RemoteWebDriver.execute(RemoteWebDriver.java:671)
at org.openqa.selenium.remote.RemoteWebElement.execute(RemoteWebElement.java:272)
at org.openqa.selenium.remote.RemoteWebElement.click(RemoteWebElement.java:82)
at sun.reflect.GeneratedMethodAccessor1.invoke(Unknown Source)
at sun.reflect.DelegatingMethodAccessorImpl.invoke(DelegatingMethodAccessorImpl.java:43)
at java.lang.reflect.Method.invoke(Method.java:498)
at org.openqa.selenium.support.pagefactory.internal.LocatingElementHandler.invoke(LocatingElementHandler.java:51)
at com.sun.proxy.$Proxy8.click(Unknown Source)
at Portal.Pageobjects.hotels.HotelInfoPage.ClikOnBukBtn(HotelInfoPage.java:36)
at satguru.scripts.HotelTest.HotelBook(HotelTest.java:55)
at sun.reflect.NativeMethodAccessorImpl.invoke0(Native Method)
at sun.reflect.NativeMethodAccessorImpl.invoke(NativeMethodAccessorImpl.java:62)
at sun.reflect.DelegatingMethodAccessorImpl.invoke(DelegatingMethodAccessorImpl.java:43)
at java.lang.reflect.Method.invoke(Method.java:498)
at org.testng.internal.MethodInvocationHelper.invokeMethod(MethodInvocationHelper.java:124)
at org.testng.internal.Invoker.invokeMethod(Invoker.java:583)
at org.testng.internal.Invoker.invokeTestMethod(Invoker.java:719)
at org.testng.internal.Invoker.invokeTestMethods(Invoker.java:989)
at org.testng.internal.TestMethodWorker.invokeTestMethods(TestMethodWorker.java:125)
at org.testng.internal.TestMethodWorker.run(TestMethodWorker.java:109)
at org.testng.TestRunner.privateRun(TestRunner.java:648)
at org.testng.TestRunner.run(TestRunner.java:505)
at org.testng.SuiteRunner.runTest(SuiteRunner.java:455)
at org.testng.SuiteRunner.runSequentially(SuiteRunner.java:450)
at org.testng.SuiteRunner.privateRun(SuiteRunner.java:415)
at org.testng.SuiteRunner.run(SuiteRunner.java:364)
at org.testng.SuiteRunnerWorker.runSuite(SuiteRunnerWorker.java:52)
at org.testng.SuiteRunnerWorker.run(SuiteRunnerWorker.java:84)
at org.testng.TestNG.runSuitesSequentially(TestNG.java:1208)
at org.testng.TestNG.runSuitesLocally(TestNG.java:1137)
at org.testng.TestNG.runSuites(TestNG.java:1049)
at org.testng.TestNG.run(TestNG.java:1017)
at org.testng.remote.AbstractRemoteTestNG.run(AbstractRemoteTestNG.java:114)
at org.testng.remote.RemoteTestNG.initAndRun(RemoteTestNG.java:251)
at org.testng.remote.RemoteTestNG.main(RemoteTestNG.java:77)
]]>
            </full-stacktrace>
          </exception> <!-- org.openqa.selenium.WebDriverException -->
          <reporter-output>
          </reporter-output>
        </test-method> <!-- HotelBook -->
        <test-method status="PASS" signature="postCondition(org.testng.ITestResult)[pri:0, instance:satguru.scripts.HotelTest@467aecef]" name="postCondition" is-config="true" duration-ms="318" started-at="2018-06-18T12:25:23Z" finished-at="2018-06-18T12:25:24Z">
          <params>
            <param index="0">
              <value>
                <![CDATA[[TestResult name=HotelBook status=FAILURE method=HotelTest.HotelBook()[pri:0, instance:satguru.scripts.HotelTest@467aecef] output={null}]]]>
              </value>
            </param>
          </params>
          <reporter-output>
            <line>
              <![CDATA[Script failed]]>
            </line>
            <line>
              <![CDATA[screenshot has been taken]]>
            </line>
            <line>
              <![CDATA[Browser closed]]>
            </line>
          </reporter-output>
        </test-method> <!-- postCondition -->
      </class> <!-- satguru.scripts.HotelTest -->
      <class name="satguru.scripts.FlightPlusInsuranceTest">
        <test-method status="PASS" signature="preCondition(java.lang.String)[pri:0, instance:satguru.scripts.FlightPlusInsuranceTest@7d70d1b1]" name="preCondition" is-config="true" duration-ms="5956" started-at="2018-06-18T12:18:26Z" finished-at="2018-06-18T12:18:32Z">
          <params>
            <param index="0">
              <value>
                <![CDATA[chrome]]>
              </value>
            </param>
          </params>
          <reporter-output>
            <line>
              <![CDATA[Chrome launched]]>
            </line>
            <line>
              <![CDATA[Navigating to the test URL]]>
            </line>
          </reporter-output>
        </test-method> <!-- preCondition -->
        <test-method status="PASS" signature="RoundtripTckt()[pri:0, instance:satguru.scripts.FlightPlusInsuranceTest@7d70d1b1]" name="RoundtripTckt" duration-ms="139116" started-at="2018-06-18T12:18:32Z" finished-at="2018-06-18T12:20:51Z">
          <reporter-output>
          </reporter-output>
        </test-method> <!-- RoundtripTckt -->
        <test-method status="PASS" signature="postCondition(org.testng.ITestResult)[pri:0, instance:satguru.scripts.FlightPlusInsuranceTest@7d70d1b1]" name="postCondition" is-config="true" duration-ms="3" started-at="2018-06-18T12:20:51Z" finished-at="2018-06-18T12:20:51Z">
          <params>
            <param index="0">
              <value>
                <![CDATA[[TestResult name=RoundtripTckt status=SUCCESS method=FlightPlusInsuranceTest.RoundtripTckt()[pri:0, instance:satguru.scripts.FlightPlusInsuranceTest@7d70d1b1] output={null}]]]>
              </value>
            </param>
          </params>
          <reporter-output>
            <line>
              <![CDATA[script passed]]>
            </line>
            <line>
              <![CDATA[Browser closed]]>
            </line>
          </reporter-output>
        </test-method> <!-- postCondition -->
      </class> <!-- satguru.scripts.FlightPlusInsuranceTest -->
      <class name="satguru.scripts.OnewayFlightTest">
        <test-method status="PASS" signature="preCondition(java.lang.String)[pri:0, instance:satguru.scripts.OnewayFlightTest@4d50efb8]" name="preCondition" is-config="true" duration-ms="7451" started-at="2018-06-18T12:25:24Z" finished-at="2018-06-18T12:25:31Z">
          <params>
            <param index="0">
              <value>
                <![CDATA[chrome]]>
              </value>
            </param>
          </params>
          <reporter-output>
            <line>
              <![CDATA[Chrome launched]]>
            </line>
            <line>
              <![CDATA[Navigating to the test URL]]>
            </line>
          </reporter-output>
        </test-method> <!-- preCondition -->
        <test-method status="PASS" signature="OnewatTckt()[pri:1, instance:satguru.scripts.OnewayFlightTest@4d50efb8]" name="OnewatTckt" duration-ms="160063" started-at="2018-06-18T12:25:31Z" finished-at="2018-06-18T12:28:11Z">
          <reporter-output>
          </reporter-output>
        </test-method> <!-- OnewatTckt -->
        <test-method status="PASS" signature="postCondition(org.testng.ITestResult)[pri:0, instance:satguru.scripts.OnewayFlightTest@4d50efb8]" name="postCondition" is-config="true" duration-ms="0" started-at="2018-06-18T12:28:11Z" finished-at="2018-06-18T12:28:11Z">
          <params>
            <param index="0">
              <value>
                <![CDATA[[TestResult name=OnewatTckt status=SUCCESS method=OnewayFlightTest.OnewatTckt()[pri:1, instance:satguru.scripts.OnewayFlightTest@4d50efb8] output={null}]]]>
              </value>
            </param>
          </params>
          <reporter-output>
            <line>
              <![CDATA[script passed]]>
            </line>
            <line>
              <![CDATA[Browser closed]]>
            </line>
          </reporter-output>
        </test-method> <!-- postCondition -->
      </class> <!-- satguru.scripts.OnewayFlightTest -->
      <class name="satguru.scripts.RoundTripTest">
        <test-method status="PASS" signature="preCondition(java.lang.String)[pri:0, instance:satguru.scripts.RoundTripTest@3dfc5fb8]" name="preCondition" is-config="true" duration-ms="4620" started-at="2018-06-18T12:22:28Z" finished-at="2018-06-18T12:22:32Z">
          <params>
            <param index="0">
              <value>
                <![CDATA[chrome]]>
              </value>
            </param>
          </params>
          <reporter-output>
            <line>
              <![CDATA[Chrome launched]]>
            </line>
            <line>
              <![CDATA[Navigating to the test URL]]>
            </line>
          </reporter-output>
        </test-method> <!-- preCondition -->
        <test-method status="PASS" signature="RoundtripTckt()[pri:0, instance:satguru.scripts.RoundTripTest@3dfc5fb8]" name="RoundtripTckt" duration-ms="123011" started-at="2018-06-18T12:22:32Z" finished-at="2018-06-18T12:24:35Z">
          <reporter-output>
          </reporter-output>
        </test-method> <!-- RoundtripTckt -->
        <test-method status="PASS" signature="postCondition(org.testng.ITestResult)[pri:0, instance:satguru.scripts.RoundTripTest@3dfc5fb8]" name="postCondition" is-config="true" duration-ms="0" started-at="2018-06-18T12:24:35Z" finished-at="2018-06-18T12:24:35Z">
          <params>
            <param index="0">
              <value>
                <![CDATA[[TestResult name=RoundtripTckt status=SUCCESS method=RoundTripTest.RoundtripTckt()[pri:0, instance:satguru.scripts.RoundTripTest@3dfc5fb8] output={null}]]]>
              </value>
            </param>
          </params>
          <reporter-output>
            <line>
              <![CDATA[script passed]]>
            </line>
            <line>
              <![CDATA[Browser closed]]>
            </line>
          </reporter-output>
        </test-method> <!-- postCondition -->
      </class> <!-- satguru.scripts.RoundTripTest -->
    </test> <!-- Test -->
  </suite> <!-- Suite -->
</testng-results>
